mode: set
example/apply_load/read_in.go:14.75,17.16 2 0
example/apply_load/read_in.go:21.2,26.21 3 0
example/apply_load/read_in.go:32.2,32.38 1 0
example/apply_load/read_in.go:37.2,37.11 1 0
example/apply_load/read_in.go:17.16,19.3 1 0
example/apply_load/read_in.go:26.21,30.3 2 0
example/apply_load/read_in.go:32.38,34.3 1 0
example/apply_load/read_in.go:40.73,43.16 2 0
example/apply_load/read_in.go:47.2,52.21 3 0
example/apply_load/read_in.go:58.2,58.38 1 0
example/apply_load/read_in.go:63.2,63.11 1 0
example/apply_load/read_in.go:43.16,45.3 1 0
example/apply_load/read_in.go:52.21,56.3 2 0
example/apply_load/read_in.go:58.38,60.3 1 0
example/apply_load/read_in.go:66.75,69.16 2 0
example/apply_load/read_in.go:73.2,78.21 3 0
example/apply_load/read_in.go:84.2,84.38 1 0
example/apply_load/read_in.go:89.2,89.15 1 0
example/apply_load/read_in.go:69.16,71.3 1 0
example/apply_load/read_in.go:78.21,82.3 2 0
example/apply_load/read_in.go:84.38,86.3 1 0
example/apply_load/read_in.go:89.15,91.3 1 0
example/apply_load/crud.go:23.56,32.16 2 1
example/apply_load/crud.go:32.16,34.3 1 0
example/apply_load/crud.go:34.8,36.3 1 1
example/apply_load/crud.go:40.64,44.16 3 0
example/apply_load/crud.go:44.16,45.66 1 0
example/apply_load/crud.go:50.3,50.19 1 0
example/apply_load/crud.go:45.67,47.4 0 0
example/apply_load/crud.go:47.9,48.14 1 0
example/apply_load/crud.go:51.8,55.17 2 0
example/apply_load/crud.go:59.3,59.19 1 0
example/apply_load/crud.go:55.17,56.14 1 0
example/apply_load/crud.go:64.58,70.16 2 0
example/apply_load/crud.go:70.16,72.83 2 0
example/apply_load/crud.go:72.84,74.4 0 0
example/apply_load/crud.go:74.9,75.14 1 0
example/apply_load/crud.go:77.8,79.3 1 0
example/apply_load/main.go:12.13,26.16 6 0
example/apply_load/main.go:30.2,33.16 3 0
example/apply_load/main.go:40.2,57.6 6 0
example/apply_load/main.go:26.16,28.3 1 0
example/apply_load/main.go:33.16,35.3 1 0
example/apply_load/main.go:35.8,37.3 1 0
example/apply_load/main.go:57.6,70.3 7 0
